{"/Users/toothlesskid/Desktop/getp/get-p-frontend/get-p-client/src/common/hooks/useInputValidation.ts": {"path":"/Users/toothlesskid/Desktop/getp/get-p-frontend/get-p-client/src/common/hooks/useInputValidation.ts","all":false,"statementMap":{"0":{"start":{"line":1,"column":0},"end":{"line":1,"column":70}},"1":{"start":{"line":2,"column":0},"end":{"line":2,"column":0}},"2":{"start":{"line":3,"column":0},"end":{"line":3,"column":3}},"3":{"start":{"line":4,"column":0},"end":{"line":4,"column":31}},"4":{"start":{"line":5,"column":0},"end":{"line":5,"column":25}},"5":{"start":{"line":6,"column":0},"end":{"line":6,"column":43}},"6":{"start":{"line":7,"column":0},"end":{"line":7,"column":3}},"7":{"start":{"line":8,"column":0},"end":{"line":8,"column":54}},"8":{"start":{"line":9,"column":0},"end":{"line":9,"column":51}},"9":{"start":{"line":10,"column":0},"end":{"line":10,"column":58}},"10":{"start":{"line":11,"column":0},"end":{"line":11,"column":75}},"11":{"start":{"line":12,"column":0},"end":{"line":12,"column":0}},"12":{"start":{"line":13,"column":0},"end":{"line":13,"column":33}},"13":{"start":{"line":14,"column":0},"end":{"line":14,"column":47}},"14":{"start":{"line":15,"column":0},"end":{"line":15,"column":57}},"15":{"start":{"line":16,"column":0},"end":{"line":16,"column":37}},"16":{"start":{"line":17,"column":0},"end":{"line":17,"column":10}},"17":{"start":{"line":18,"column":0},"end":{"line":18,"column":26}},"18":{"start":{"line":19,"column":0},"end":{"line":19,"column":6}},"19":{"start":{"line":20,"column":0},"end":{"line":20,"column":0}},"20":{"start":{"line":21,"column":0},"end":{"line":21,"column":21}},"21":{"start":{"line":22,"column":0},"end":{"line":22,"column":37}},"22":{"start":{"line":23,"column":0},"end":{"line":23,"column":48}},"23":{"start":{"line":24,"column":0},"end":{"line":24,"column":31}},"24":{"start":{"line":25,"column":0},"end":{"line":25,"column":40}},"25":{"start":{"line":26,"column":0},"end":{"line":26,"column":0}},"26":{"start":{"line":27,"column":0},"end":{"line":27,"column":40}},"27":{"start":{"line":28,"column":0},"end":{"line":28,"column":2}}},"s":{"0":1,"1":1,"2":1,"3":1,"4":1,"5":1,"6":1,"7":1,"8":15,"9":15,"10":15,"11":15,"12":15,"13":15,"14":5,"15":5,"16":15,"17":15,"18":15,"19":15,"20":15,"21":10,"22":10,"23":5,"24":15,"25":15,"26":15,"27":15},"branchMap":{"0":{"type":"branch","line":8,"loc":{"start":{"line":8,"column":34},"end":{"line":28,"column":2}},"locations":[{"start":{"line":8,"column":34},"end":{"line":28,"column":2}}]},"1":{"type":"branch","line":14,"loc":{"start":{"line":14,"column":8},"end":{"line":17,"column":9}},"locations":[{"start":{"line":14,"column":8},"end":{"line":17,"column":9}}]},"2":{"type":"branch","line":21,"loc":{"start":{"line":21,"column":14},"end":{"line":25,"column":5}},"locations":[{"start":{"line":21,"column":14},"end":{"line":25,"column":5}}]},"3":{"type":"branch","line":22,"loc":{"start":{"line":22,"column":30},"end":{"line":23,"column":41}},"locations":[{"start":{"line":22,"column":30},"end":{"line":23,"column":41}}]},"4":{"type":"branch","line":23,"loc":{"start":{"line":23,"column":31},"end":{"line":23,"column":48}},"locations":[{"start":{"line":23,"column":31},"end":{"line":23,"column":48}}]},"5":{"type":"branch","line":24,"loc":{"start":{"line":24,"column":-1},"end":{"line":24,"column":31}},"locations":[{"start":{"line":24,"column":-1},"end":{"line":24,"column":31}}]}},"b":{"0":[15],"1":[5],"2":[10],"3":[5],"4":[0],"5":[5]},"fnMap":{"0":{"name":"useInputValidation","decl":{"start":{"line":8,"column":34},"end":{"line":28,"column":2}},"loc":{"start":{"line":8,"column":34},"end":{"line":28,"column":2}},"line":8}},"f":{"0":15}}
,"/Users/toothlesskid/Desktop/getp/get-p-frontend/get-p-client/src/constants/regex.ts": {"path":"/Users/toothlesskid/Desktop/getp/get-p-frontend/get-p-client/src/constants/regex.ts","all":false,"statementMap":{"0":{"start":{"line":1,"column":0},"end":{"line":1,"column":79}},"1":{"start":{"line":2,"column":0},"end":{"line":2,"column":105}}},"s":{"0":1,"1":1},"branchMap":{},"b":{},"fnMap":{},"f":{}}
,"/Users/toothlesskid/Desktop/getp/get-p-frontend/get-p-client/src/services/exception.ts": {"path":"/Users/toothlesskid/Desktop/getp/get-p-frontend/get-p-client/src/services/exception.ts","all":false,"statementMap":{"0":{"start":{"line":1,"column":0},"end":{"line":1,"column":57}},"1":{"start":{"line":2,"column":0},"end":{"line":2,"column":19}},"2":{"start":{"line":3,"column":0},"end":{"line":3,"column":54}},"3":{"start":{"line":4,"column":0},"end":{"line":4,"column":5}},"4":{"start":{"line":5,"column":0},"end":{"line":5,"column":1}},"5":{"start":{"line":6,"column":0},"end":{"line":6,"column":0}},"6":{"start":{"line":7,"column":0},"end":{"line":7,"column":3}},"7":{"start":{"line":8,"column":0},"end":{"line":8,"column":46}},"8":{"start":{"line":9,"column":0},"end":{"line":9,"column":3}},"9":{"start":{"line":10,"column":0},"end":{"line":10,"column":44}},"10":{"start":{"line":11,"column":0},"end":{"line":11,"column":58}},"11":{"start":{"line":12,"column":0},"end":{"line":12,"column":28}},"12":{"start":{"line":13,"column":0},"end":{"line":13,"column":6}},"13":{"start":{"line":14,"column":0},"end":{"line":14,"column":2}}},"s":{"0":1,"1":1,"2":0,"3":0,"4":1,"5":1,"6":1,"7":1,"8":1,"9":1,"10":1,"11":0,"12":1,"13":1},"branchMap":{},"b":{},"fnMap":{"0":{"name":"RefreshTokenExpiredException","decl":{"start":{"line":2,"column":4},"end":{"line":4,"column":5}},"loc":{"start":{"line":2,"column":4},"end":{"line":4,"column":5}},"line":2},"1":{"name":"render","decl":{"start":{"line":11,"column":12},"end":{"line":13,"column":5}},"loc":{"start":{"line":11,"column":12},"end":{"line":13,"column":5}},"line":11}},"f":{"0":0,"1":0}}
,"/Users/toothlesskid/Desktop/getp/get-p-frontend/get-p-client/src/services/__test__/mockResponse.ts": {"path":"/Users/toothlesskid/Desktop/getp/get-p-frontend/get-p-client/src/services/__test__/mockResponse.ts","all":false,"statementMap":{"0":{"start":{"line":1,"column":0},"end":{"line":1,"column":50}},"1":{"start":{"line":2,"column":0},"end":{"line":2,"column":0}},"2":{"start":{"line":3,"column":0},"end":{"line":3,"column":39}},"3":{"start":{"line":4,"column":0},"end":{"line":4,"column":40}},"4":{"start":{"line":5,"column":0},"end":{"line":5,"column":40}},"5":{"start":{"line":6,"column":0},"end":{"line":6,"column":0}},"6":{"start":{"line":7,"column":0},"end":{"line":7,"column":23}},"7":{"start":{"line":8,"column":0},"end":{"line":8,"column":56}},"8":{"start":{"line":9,"column":0},"end":{"line":9,"column":9}},"9":{"start":{"line":10,"column":0},"end":{"line":10,"column":0}},"10":{"start":{"line":11,"column":0},"end":{"line":11,"column":35}},"11":{"start":{"line":12,"column":0},"end":{"line":12,"column":47}},"12":{"start":{"line":13,"column":0},"end":{"line":13,"column":62}},"13":{"start":{"line":14,"column":0},"end":{"line":14,"column":24}},"14":{"start":{"line":15,"column":0},"end":{"line":15,"column":9}},"15":{"start":{"line":16,"column":0},"end":{"line":16,"column":0}},"16":{"start":{"line":17,"column":0},"end":{"line":17,"column":26}},"17":{"start":{"line":18,"column":0},"end":{"line":18,"column":43}},"18":{"start":{"line":19,"column":0},"end":{"line":19,"column":24}},"19":{"start":{"line":20,"column":0},"end":{"line":20,"column":9}},"20":{"start":{"line":21,"column":0},"end":{"line":21,"column":0}},"21":{"start":{"line":22,"column":0},"end":{"line":22,"column":17}},"22":{"start":{"line":23,"column":0},"end":{"line":23,"column":38}},"23":{"start":{"line":24,"column":0},"end":{"line":24,"column":9}},"24":{"start":{"line":25,"column":0},"end":{"line":25,"column":6}},"25":{"start":{"line":26,"column":0},"end":{"line":26,"column":0}},"26":{"start":{"line":27,"column":0},"end":{"line":27,"column":37}},"27":{"start":{"line":28,"column":0},"end":{"line":28,"column":31}},"28":{"start":{"line":29,"column":0},"end":{"line":29,"column":0}},"29":{"start":{"line":30,"column":0},"end":{"line":30,"column":23}},"30":{"start":{"line":31,"column":0},"end":{"line":31,"column":47}},"31":{"start":{"line":32,"column":0},"end":{"line":32,"column":59}},"32":{"start":{"line":33,"column":0},"end":{"line":33,"column":9}},"33":{"start":{"line":34,"column":0},"end":{"line":34,"column":0}},"34":{"start":{"line":35,"column":0},"end":{"line":35,"column":35}},"35":{"start":{"line":36,"column":0},"end":{"line":36,"column":96}},"36":{"start":{"line":37,"column":0},"end":{"line":37,"column":0}},"37":{"start":{"line":38,"column":0},"end":{"line":38,"column":53}},"38":{"start":{"line":39,"column":0},"end":{"line":39,"column":53}},"39":{"start":{"line":40,"column":0},"end":{"line":40,"column":68}},"40":{"start":{"line":41,"column":0},"end":{"line":41,"column":24}},"41":{"start":{"line":42,"column":0},"end":{"line":42,"column":9}},"42":{"start":{"line":43,"column":0},"end":{"line":43,"column":0}},"43":{"start":{"line":44,"column":0},"end":{"line":44,"column":26}},"44":{"start":{"line":45,"column":0},"end":{"line":45,"column":96}},"45":{"start":{"line":46,"column":0},"end":{"line":46,"column":49}},"46":{"start":{"line":47,"column":0},"end":{"line":47,"column":24}},"47":{"start":{"line":48,"column":0},"end":{"line":48,"column":9}},"48":{"start":{"line":49,"column":0},"end":{"line":49,"column":0}},"49":{"start":{"line":50,"column":0},"end":{"line":50,"column":17}},"50":{"start":{"line":51,"column":0},"end":{"line":51,"column":35}},"51":{"start":{"line":52,"column":0},"end":{"line":52,"column":9}},"52":{"start":{"line":53,"column":0},"end":{"line":53,"column":6}},"53":{"start":{"line":54,"column":0},"end":{"line":54,"column":1}}},"s":{"0":1,"1":1,"2":1,"3":1,"4":1,"5":1,"6":1,"7":1,"8":1,"9":1,"10":1,"11":1,"12":1,"13":1,"14":1,"15":1,"16":1,"17":1,"18":1,"19":1,"20":1,"21":1,"22":1,"23":1,"24":1,"25":1,"26":1,"27":1,"28":1,"29":1,"30":1,"31":1,"32":1,"33":1,"34":1,"35":1,"36":1,"37":1,"38":1,"39":1,"40":1,"41":1,"42":1,"43":1,"44":1,"45":1,"46":1,"47":1,"48":1,"49":1,"50":1,"51":1,"52":1,"53":1},"branchMap":{"0":{"type":"branch","line":7,"loc":{"start":{"line":7,"column":8},"end":{"line":9,"column":9}},"locations":[{"start":{"line":7,"column":8},"end":{"line":9,"column":9}}]},"1":{"type":"branch","line":11,"loc":{"start":{"line":11,"column":8},"end":{"line":15,"column":9}},"locations":[{"start":{"line":11,"column":8},"end":{"line":15,"column":9}}]},"2":{"type":"branch","line":17,"loc":{"start":{"line":17,"column":8},"end":{"line":20,"column":9}},"locations":[{"start":{"line":17,"column":8},"end":{"line":20,"column":9}}]},"3":{"type":"branch","line":22,"loc":{"start":{"line":22,"column":8},"end":{"line":24,"column":9}},"locations":[{"start":{"line":22,"column":8},"end":{"line":24,"column":9}}]},"4":{"type":"branch","line":30,"loc":{"start":{"line":30,"column":8},"end":{"line":33,"column":9}},"locations":[{"start":{"line":30,"column":8},"end":{"line":33,"column":9}}]},"5":{"type":"branch","line":35,"loc":{"start":{"line":35,"column":8},"end":{"line":42,"column":9}},"locations":[{"start":{"line":35,"column":8},"end":{"line":42,"column":9}}]},"6":{"type":"branch","line":36,"loc":{"start":{"line":36,"column":43},"end":{"line":36,"column":96}},"locations":[{"start":{"line":36,"column":43},"end":{"line":36,"column":96}}]},"7":{"type":"branch","line":44,"loc":{"start":{"line":44,"column":8},"end":{"line":48,"column":9}},"locations":[{"start":{"line":44,"column":8},"end":{"line":48,"column":9}}]},"8":{"type":"branch","line":45,"loc":{"start":{"line":45,"column":43},"end":{"line":45,"column":96}},"locations":[{"start":{"line":45,"column":43},"end":{"line":45,"column":96}}]},"9":{"type":"branch","line":50,"loc":{"start":{"line":50,"column":8},"end":{"line":52,"column":9}},"locations":[{"start":{"line":50,"column":8},"end":{"line":52,"column":9}}]}},"b":{"0":[1],"1":[1],"2":[1],"3":[1],"4":[1],"5":[1],"6":[0],"7":[1],"8":[0],"9":[1]},"fnMap":{"0":{"name":"Builder","decl":{"start":{"line":7,"column":8},"end":{"line":9,"column":9}},"loc":{"start":{"line":7,"column":8},"end":{"line":9,"column":9}},"line":7},"1":{"name":"setStatus","decl":{"start":{"line":11,"column":8},"end":{"line":15,"column":9}},"loc":{"start":{"line":11,"column":8},"end":{"line":15,"column":9}},"line":11},"2":{"name":"setData","decl":{"start":{"line":17,"column":8},"end":{"line":20,"column":9}},"loc":{"start":{"line":17,"column":8},"end":{"line":20,"column":9}},"line":17},"3":{"name":"build","decl":{"start":{"line":22,"column":8},"end":{"line":24,"column":9}},"loc":{"start":{"line":22,"column":8},"end":{"line":24,"column":9}},"line":22},"4":{"name":"Builder","decl":{"start":{"line":30,"column":8},"end":{"line":33,"column":9}},"loc":{"start":{"line":30,"column":8},"end":{"line":33,"column":9}},"line":30},"5":{"name":"setStatus","decl":{"start":{"line":35,"column":8},"end":{"line":42,"column":9}},"loc":{"start":{"line":35,"column":8},"end":{"line":42,"column":9}},"line":35},"6":{"name":"setData","decl":{"start":{"line":44,"column":8},"end":{"line":48,"column":9}},"loc":{"start":{"line":44,"column":8},"end":{"line":48,"column":9}},"line":44},"7":{"name":"build","decl":{"start":{"line":50,"column":8},"end":{"line":52,"column":9}},"loc":{"start":{"line":50,"column":8},"end":{"line":52,"column":9}},"line":50}},"f":{"0":1,"1":1,"2":1,"3":1,"4":1,"5":1,"6":1,"7":1}}
,"/Users/toothlesskid/Desktop/getp/get-p-frontend/get-p-client/src/services/auth/service.ts": {"path":"/Users/toothlesskid/Desktop/getp/get-p-frontend/get-p-client/src/services/auth/service.ts","all":false,"statementMap":{"0":{"start":{"line":1,"column":0},"end":{"line":1,"column":39}},"1":{"start":{"line":2,"column":0},"end":{"line":2,"column":0}},"2":{"start":{"line":3,"column":0},"end":{"line":3,"column":51}},"3":{"start":{"line":4,"column":0},"end":{"line":4,"column":0}},"4":{"start":{"line":5,"column":0},"end":{"line":5,"column":53}},"5":{"start":{"line":6,"column":0},"end":{"line":6,"column":0}},"6":{"start":{"line":7,"column":0},"end":{"line":7,"column":89}},"7":{"start":{"line":8,"column":0},"end":{"line":8,"column":8}},"8":{"start":{"line":9,"column":0},"end":{"line":9,"column":29}},"9":{"start":{"line":10,"column":0},"end":{"line":10,"column":22}},"10":{"start":{"line":11,"column":0},"end":{"line":11,"column":23}},"11":{"start":{"line":12,"column":0},"end":{"line":12,"column":22}},"12":{"start":{"line":13,"column":0},"end":{"line":13,"column":23}},"13":{"start":{"line":14,"column":0},"end":{"line":14,"column":27}},"14":{"start":{"line":15,"column":0},"end":{"line":15,"column":17}},"15":{"start":{"line":16,"column":0},"end":{"line":16,"column":0}},"16":{"start":{"line":17,"column":0},"end":{"line":17,"column":28}},"17":{"start":{"line":18,"column":0},"end":{"line":18,"column":48}},"18":{"start":{"line":19,"column":0},"end":{"line":19,"column":37}},"19":{"start":{"line":20,"column":0},"end":{"line":20,"column":85}},"20":{"start":{"line":21,"column":0},"end":{"line":21,"column":0}},"21":{"start":{"line":22,"column":0},"end":{"line":22,"column":57}},"22":{"start":{"line":23,"column":0},"end":{"line":23,"column":55}},"23":{"start":{"line":24,"column":0},"end":{"line":24,"column":28}},"24":{"start":{"line":25,"column":0},"end":{"line":25,"column":10}},"25":{"start":{"line":26,"column":0},"end":{"line":26,"column":0}},"26":{"start":{"line":27,"column":0},"end":{"line":27,"column":39}},"27":{"start":{"line":28,"column":0},"end":{"line":28,"column":32}},"28":{"start":{"line":29,"column":0},"end":{"line":29,"column":47}},"29":{"start":{"line":30,"column":0},"end":{"line":30,"column":11}},"30":{"start":{"line":31,"column":0},"end":{"line":31,"column":6}},"31":{"start":{"line":32,"column":0},"end":{"line":32,"column":0}},"32":{"start":{"line":33,"column":0},"end":{"line":33,"column":48}},"33":{"start":{"line":34,"column":0},"end":{"line":34,"column":37}},"34":{"start":{"line":35,"column":0},"end":{"line":35,"column":86}},"35":{"start":{"line":36,"column":0},"end":{"line":36,"column":0}},"36":{"start":{"line":37,"column":0},"end":{"line":37,"column":57}},"37":{"start":{"line":38,"column":0},"end":{"line":38,"column":60}},"38":{"start":{"line":39,"column":0},"end":{"line":39,"column":64}},"39":{"start":{"line":40,"column":0},"end":{"line":40,"column":28}},"40":{"start":{"line":41,"column":0},"end":{"line":41,"column":10}},"41":{"start":{"line":42,"column":0},"end":{"line":42,"column":0}},"42":{"start":{"line":43,"column":0},"end":{"line":43,"column":38}},"43":{"start":{"line":44,"column":0},"end":{"line":44,"column":36}},"44":{"start":{"line":45,"column":0},"end":{"line":45,"column":47}},"45":{"start":{"line":46,"column":0},"end":{"line":46,"column":11}},"46":{"start":{"line":47,"column":0},"end":{"line":47,"column":6}},"47":{"start":{"line":48,"column":0},"end":{"line":48,"column":0}},"48":{"start":{"line":49,"column":0},"end":{"line":49,"column":58}},"49":{"start":{"line":50,"column":0},"end":{"line":50,"column":37}},"50":{"start":{"line":51,"column":0},"end":{"line":51,"column":77}},"51":{"start":{"line":52,"column":0},"end":{"line":52,"column":0}},"52":{"start":{"line":53,"column":0},"end":{"line":53,"column":57}},"53":{"start":{"line":54,"column":0},"end":{"line":54,"column":46}},"54":{"start":{"line":55,"column":0},"end":{"line":55,"column":57}},"55":{"start":{"line":56,"column":0},"end":{"line":56,"column":66}},"56":{"start":{"line":57,"column":0},"end":{"line":57,"column":28}},"57":{"start":{"line":58,"column":0},"end":{"line":58,"column":10}},"58":{"start":{"line":59,"column":0},"end":{"line":59,"column":0}},"59":{"start":{"line":60,"column":0},"end":{"line":60,"column":38}},"60":{"start":{"line":61,"column":0},"end":{"line":61,"column":40}},"61":{"start":{"line":62,"column":0},"end":{"line":62,"column":50}},"62":{"start":{"line":63,"column":0},"end":{"line":63,"column":47}},"63":{"start":{"line":64,"column":0},"end":{"line":64,"column":11}},"64":{"start":{"line":65,"column":0},"end":{"line":65,"column":6}},"65":{"start":{"line":66,"column":0},"end":{"line":66,"column":0}},"66":{"start":{"line":67,"column":0},"end":{"line":67,"column":51}},"67":{"start":{"line":68,"column":0},"end":{"line":68,"column":69}},"68":{"start":{"line":69,"column":0},"end":{"line":69,"column":27}},"69":{"start":{"line":70,"column":0},"end":{"line":70,"column":22}},"70":{"start":{"line":71,"column":0},"end":{"line":71,"column":51}},"71":{"start":{"line":72,"column":0},"end":{"line":72,"column":58}},"72":{"start":{"line":73,"column":0},"end":{"line":73,"column":14}},"73":{"start":{"line":74,"column":0},"end":{"line":74,"column":11}},"74":{"start":{"line":75,"column":0},"end":{"line":75,"column":0}},"75":{"start":{"line":76,"column":0},"end":{"line":76,"column":78}},"76":{"start":{"line":77,"column":0},"end":{"line":77,"column":0}},"77":{"start":{"line":78,"column":0},"end":{"line":78,"column":73}},"78":{"start":{"line":79,"column":0},"end":{"line":79,"column":0}},"79":{"start":{"line":80,"column":0},"end":{"line":80,"column":53}},"80":{"start":{"line":81,"column":0},"end":{"line":81,"column":55}},"81":{"start":{"line":82,"column":0},"end":{"line":82,"column":0}},"82":{"start":{"line":83,"column":0},"end":{"line":83,"column":16}},"83":{"start":{"line":84,"column":0},"end":{"line":84,"column":40}},"84":{"start":{"line":85,"column":0},"end":{"line":85,"column":42}},"85":{"start":{"line":86,"column":0},"end":{"line":86,"column":10}},"86":{"start":{"line":87,"column":0},"end":{"line":87,"column":6}},"87":{"start":{"line":88,"column":0},"end":{"line":88,"column":2}}},"s":{"0":1,"1":1,"2":1,"3":1,"4":1,"5":1,"6":1,"7":1,"8":1,"9":1,"10":1,"11":1,"12":1,"13":1,"14":1,"15":1,"16":1,"17":1,"18":2,"19":2,"20":1,"21":1,"22":1,"23":1,"24":2,"25":2,"26":2,"27":2,"28":2,"29":2,"30":1,"31":1,"32":1,"33":0,"34":0,"35":0,"36":0,"37":0,"38":0,"39":0,"40":0,"41":0,"42":0,"43":0,"44":0,"45":0,"46":1,"47":1,"48":1,"49":0,"50":0,"51":0,"52":0,"53":0,"54":0,"55":0,"56":0,"57":0,"58":0,"59":0,"60":0,"61":0,"62":0,"63":0,"64":1,"65":1,"66":1,"67":0,"68":0,"69":0,"70":0,"71":0,"72":0,"73":0,"74":0,"75":0,"76":0,"77":0,"78":0,"79":0,"80":0,"81":0,"82":0,"83":0,"84":0,"85":0,"86":1,"87":1},"branchMap":{"0":{"type":"branch","line":18,"loc":{"start":{"line":18,"column":12},"end":{"line":31,"column":5}},"locations":[{"start":{"line":18,"column":12},"end":{"line":31,"column":5}}]},"1":{"type":"branch","line":19,"loc":{"start":{"line":19,"column":24},"end":{"line":25,"column":9}},"locations":[{"start":{"line":19,"column":24},"end":{"line":25,"column":9}}]},"2":{"type":"branch","line":21,"loc":{"start":{"line":21,"column":-1},"end":{"line":25,"column":9}},"locations":[{"start":{"line":21,"column":-1},"end":{"line":25,"column":9}}]}},"b":{"0":[2],"1":[2],"2":[1]},"fnMap":{"0":{"name":"signIn","decl":{"start":{"line":18,"column":12},"end":{"line":31,"column":5}},"loc":{"start":{"line":18,"column":12},"end":{"line":31,"column":5}},"line":18},"1":{"name":"request","decl":{"start":{"line":19,"column":24},"end":{"line":25,"column":9}},"loc":{"start":{"line":19,"column":24},"end":{"line":25,"column":9}},"line":19},"2":{"name":"signUp","decl":{"start":{"line":33,"column":12},"end":{"line":47,"column":5}},"loc":{"start":{"line":33,"column":12},"end":{"line":47,"column":5}},"line":33},"3":{"name":"verifyEmail","decl":{"start":{"line":49,"column":17},"end":{"line":65,"column":5}},"loc":{"start":{"line":49,"column":17},"end":{"line":65,"column":5}},"line":49},"4":{"name":"reissueToken","decl":{"start":{"line":67,"column":18},"end":{"line":87,"column":5}},"loc":{"start":{"line":67,"column":18},"end":{"line":87,"column":5}},"line":67}},"f":{"0":2,"1":2,"2":0,"3":0,"4":0}}
,"/Users/toothlesskid/Desktop/getp/get-p-frontend/get-p-client/src/services/auth/types.ts": {"path":"/Users/toothlesskid/Desktop/getp/get-p-frontend/get-p-client/src/services/auth/types.ts","all":false,"statementMap":{"0":{"start":{"line":1,"column":0},"end":{"line":1,"column":40}},"1":{"start":{"line":2,"column":0},"end":{"line":2,"column":0}},"2":{"start":{"line":3,"column":0},"end":{"line":3,"column":24}},"3":{"start":{"line":4,"column":0},"end":{"line":4,"column":32}},"4":{"start":{"line":5,"column":0},"end":{"line":5,"column":32}},"5":{"start":{"line":6,"column":0},"end":{"line":6,"column":1}},"6":{"start":{"line":7,"column":0},"end":{"line":7,"column":0}},"7":{"start":{"line":8,"column":0},"end":{"line":8,"column":31}},"8":{"start":{"line":9,"column":0},"end":{"line":9,"column":24}},"9":{"start":{"line":10,"column":0},"end":{"line":10,"column":20}},"10":{"start":{"line":11,"column":0},"end":{"line":11,"column":1}},"11":{"start":{"line":12,"column":0},"end":{"line":12,"column":0}},"12":{"start":{"line":13,"column":0},"end":{"line":13,"column":36}},"13":{"start":{"line":14,"column":0},"end":{"line":14,"column":18}},"14":{"start":{"line":15,"column":0},"end":{"line":15,"column":21}},"15":{"start":{"line":16,"column":0},"end":{"line":16,"column":1}},"16":{"start":{"line":17,"column":0},"end":{"line":17,"column":0}},"17":{"start":{"line":18,"column":0},"end":{"line":18,"column":47}},"18":{"start":{"line":19,"column":0},"end":{"line":19,"column":22}},"19":{"start":{"line":20,"column":0},"end":{"line":20,"column":24}},"20":{"start":{"line":21,"column":0},"end":{"line":21,"column":25}},"21":{"start":{"line":22,"column":0},"end":{"line":22,"column":3}},"22":{"start":{"line":23,"column":0},"end":{"line":23,"column":0}},"23":{"start":{"line":24,"column":0},"end":{"line":24,"column":36}},"24":{"start":{"line":25,"column":0},"end":{"line":25,"column":18}},"25":{"start":{"line":26,"column":0},"end":{"line":26,"column":21}},"26":{"start":{"line":27,"column":0},"end":{"line":27,"column":29}},"27":{"start":{"line":28,"column":0},"end":{"line":28,"column":33}},"28":{"start":{"line":29,"column":0},"end":{"line":29,"column":27}},"29":{"start":{"line":30,"column":0},"end":{"line":30,"column":1}},"30":{"start":{"line":31,"column":0},"end":{"line":31,"column":0}},"31":{"start":{"line":32,"column":0},"end":{"line":32,"column":47}},"32":{"start":{"line":33,"column":0},"end":{"line":33,"column":18}},"33":{"start":{"line":34,"column":0},"end":{"line":34,"column":19}},"34":{"start":{"line":35,"column":0},"end":{"line":35,"column":9}},"35":{"start":{"line":36,"column":0},"end":{"line":36,"column":24}},"36":{"start":{"line":37,"column":0},"end":{"line":37,"column":30}},"37":{"start":{"line":38,"column":0},"end":{"line":38,"column":28}},"38":{"start":{"line":39,"column":0},"end":{"line":39,"column":31}},"39":{"start":{"line":40,"column":0},"end":{"line":40,"column":29}},"40":{"start":{"line":41,"column":0},"end":{"line":41,"column":10}},"41":{"start":{"line":42,"column":0},"end":{"line":42,"column":6}},"42":{"start":{"line":43,"column":0},"end":{"line":43,"column":27}},"43":{"start":{"line":44,"column":0},"end":{"line":44,"column":3}},"44":{"start":{"line":45,"column":0},"end":{"line":45,"column":0}},"45":{"start":{"line":46,"column":0},"end":{"line":46,"column":41}},"46":{"start":{"line":47,"column":0},"end":{"line":47,"column":18}},"47":{"start":{"line":48,"column":0},"end":{"line":48,"column":1}},"48":{"start":{"line":49,"column":0},"end":{"line":49,"column":0}},"49":{"start":{"line":50,"column":0},"end":{"line":50,"column":118}}},"s":{"0":1,"1":1,"2":1,"3":1,"4":1,"5":1,"6":1,"7":1,"8":1,"9":1,"10":1,"11":1,"12":1,"13":1,"14":1,"15":1,"16":1,"17":1,"18":1,"19":1,"20":1,"21":1,"22":1,"23":1,"24":1,"25":1,"26":1,"27":1,"28":1,"29":1,"30":1,"31":1,"32":1,"33":1,"34":1,"35":1,"36":1,"37":1,"38":1,"39":1,"40":1,"41":1,"42":1,"43":1,"44":1,"45":1,"46":1,"47":1,"48":1,"49":1},"branchMap":{"0":{"type":"branch","line":3,"loc":{"start":{"line":3,"column":0},"end":{"line":6,"column":1}},"locations":[{"start":{"line":3,"column":0},"end":{"line":6,"column":1}}]}},"b":{"0":[1]},"fnMap":{},"f":{}}
,"/Users/toothlesskid/Desktop/getp/get-p-frontend/get-p-client/src/utils/exception.ts": {"path":"/Users/toothlesskid/Desktop/getp/get-p-frontend/get-p-client/src/utils/exception.ts","all":false,"statementMap":{"0":{"start":{"line":1,"column":0},"end":{"line":1,"column":50}},"1":{"start":{"line":2,"column":0},"end":{"line":2,"column":0}},"2":{"start":{"line":3,"column":0},"end":{"line":3,"column":21}},"3":{"start":{"line":4,"column":0},"end":{"line":4,"column":17}},"4":{"start":{"line":5,"column":0},"end":{"line":5,"column":20}},"5":{"start":{"line":6,"column":0},"end":{"line":6,"column":1}},"6":{"start":{"line":7,"column":0},"end":{"line":7,"column":0}},"7":{"start":{"line":8,"column":0},"end":{"line":8,"column":23}},"8":{"start":{"line":9,"column":0},"end":{"line":9,"column":47}},"9":{"start":{"line":10,"column":0},"end":{"line":10,"column":28}},"10":{"start":{"line":11,"column":0},"end":{"line":11,"column":1}},"11":{"start":{"line":12,"column":0},"end":{"line":12,"column":0}},"12":{"start":{"line":13,"column":0},"end":{"line":13,"column":34}},"13":{"start":{"line":14,"column":0},"end":{"line":14,"column":33}},"14":{"start":{"line":15,"column":0},"end":{"line":15,"column":0}},"15":{"start":{"line":16,"column":0},"end":{"line":16,"column":39}},"16":{"start":{"line":17,"column":0},"end":{"line":17,"column":45}},"17":{"start":{"line":18,"column":0},"end":{"line":18,"column":5}},"18":{"start":{"line":19,"column":0},"end":{"line":19,"column":0}},"19":{"start":{"line":20,"column":0},"end":{"line":20,"column":62}},"20":{"start":{"line":21,"column":0},"end":{"line":21,"column":51}},"21":{"start":{"line":22,"column":0},"end":{"line":22,"column":37}},"22":{"start":{"line":23,"column":0},"end":{"line":23,"column":0}},"23":{"start":{"line":24,"column":0},"end":{"line":24,"column":65}},"24":{"start":{"line":25,"column":0},"end":{"line":25,"column":37}},"25":{"start":{"line":26,"column":0},"end":{"line":26,"column":9}},"26":{"start":{"line":27,"column":0},"end":{"line":27,"column":0}},"27":{"start":{"line":28,"column":0},"end":{"line":28,"column":48}},"28":{"start":{"line":29,"column":0},"end":{"line":29,"column":52}},"29":{"start":{"line":30,"column":0},"end":{"line":30,"column":24}},"30":{"start":{"line":31,"column":0},"end":{"line":31,"column":9}},"31":{"start":{"line":32,"column":0},"end":{"line":32,"column":0}},"32":{"start":{"line":33,"column":0},"end":{"line":33,"column":58}},"33":{"start":{"line":34,"column":0},"end":{"line":34,"column":66}},"34":{"start":{"line":35,"column":0},"end":{"line":35,"column":57}},"35":{"start":{"line":36,"column":0},"end":{"line":36,"column":37}},"36":{"start":{"line":37,"column":0},"end":{"line":37,"column":13}},"37":{"start":{"line":38,"column":0},"end":{"line":38,"column":0}},"38":{"start":{"line":39,"column":0},"end":{"line":39,"column":58}},"39":{"start":{"line":40,"column":0},"end":{"line":40,"column":0}},"40":{"start":{"line":41,"column":0},"end":{"line":41,"column":65}},"41":{"start":{"line":42,"column":0},"end":{"line":42,"column":48}},"42":{"start":{"line":43,"column":0},"end":{"line":43,"column":55}},"43":{"start":{"line":44,"column":0},"end":{"line":44,"column":17}},"44":{"start":{"line":45,"column":0},"end":{"line":45,"column":13}},"45":{"start":{"line":46,"column":0},"end":{"line":46,"column":9}},"46":{"start":{"line":47,"column":0},"end":{"line":47,"column":6}},"47":{"start":{"line":48,"column":0},"end":{"line":48,"column":1}}},"s":{"0":1,"1":1,"2":1,"3":1,"4":1,"5":1,"6":1,"7":1,"8":1,"9":1,"10":1,"11":1,"12":1,"13":1,"14":1,"15":1,"16":3,"17":3,"18":1,"19":1,"20":1,"21":1,"22":1,"23":1,"24":3,"25":3,"26":1,"27":1,"28":2,"29":2,"30":2,"31":1,"32":1,"33":3,"34":3,"35":2,"36":2,"37":1,"38":3,"39":3,"40":3,"41":1,"42":1,"43":1,"44":1,"45":0,"46":1,"47":1},"branchMap":{"0":{"type":"branch","line":16,"loc":{"start":{"line":16,"column":4},"end":{"line":18,"column":5}},"locations":[{"start":{"line":16,"column":4},"end":{"line":18,"column":5}}]},"1":{"type":"branch","line":24,"loc":{"start":{"line":24,"column":8},"end":{"line":26,"column":9}},"locations":[{"start":{"line":24,"column":8},"end":{"line":26,"column":9}}]},"2":{"type":"branch","line":28,"loc":{"start":{"line":28,"column":8},"end":{"line":31,"column":9}},"locations":[{"start":{"line":28,"column":8},"end":{"line":31,"column":9}}]},"3":{"type":"branch","line":33,"loc":{"start":{"line":33,"column":8},"end":{"line":46,"column":9}},"locations":[{"start":{"line":33,"column":8},"end":{"line":46,"column":9}}]},"4":{"type":"branch","line":35,"loc":{"start":{"line":35,"column":56},"end":{"line":39,"column":57}},"locations":[{"start":{"line":35,"column":56},"end":{"line":39,"column":57}}]},"5":{"type":"branch","line":38,"loc":{"start":{"line":38,"column":-1},"end":{"line":39,"column":57}},"locations":[{"start":{"line":38,"column":-1},"end":{"line":39,"column":57}}]},"6":{"type":"branch","line":41,"loc":{"start":{"line":41,"column":64},"end":{"line":46,"column":9}},"locations":[{"start":{"line":41,"column":64},"end":{"line":46,"column":9}}]},"7":{"type":"branch","line":41,"loc":{"start":{"line":41,"column":64},"end":{"line":45,"column":13}},"locations":[{"start":{"line":41,"column":64},"end":{"line":45,"column":13}}]},"8":{"type":"branch","line":46,"loc":{"start":{"line":46,"column":-1},"end":{"line":46,"column":9}},"locations":[{"start":{"line":46,"column":-1},"end":{"line":46,"column":9}}]}},"b":{"0":[3],"1":[3],"2":[2],"3":[3],"4":[2],"5":[1],"6":[2],"7":[1],"8":[0]},"fnMap":{"0":{"name":"ExceptionHandler","decl":{"start":{"line":16,"column":4},"end":{"line":18,"column":5}},"loc":{"start":{"line":16,"column":4},"end":{"line":18,"column":5}},"line":16},"1":{"name":"Builder","decl":{"start":{"line":24,"column":8},"end":{"line":26,"column":9}},"loc":{"start":{"line":24,"column":8},"end":{"line":26,"column":9}},"line":24},"2":{"name":"addCase","decl":{"start":{"line":28,"column":8},"end":{"line":31,"column":9}},"loc":{"start":{"line":28,"column":8},"end":{"line":31,"column":9}},"line":28},"3":{"name":"activate","decl":{"start":{"line":33,"column":8},"end":{"line":46,"column":9}},"loc":{"start":{"line":33,"column":8},"end":{"line":46,"column":9}},"line":33}},"f":{"0":3,"1":3,"2":2,"3":3}}
,"/Users/toothlesskid/Desktop/getp/get-p-frontend/get-p-client/src/utils/format.ts": {"path":"/Users/toothlesskid/Desktop/getp/get-p-frontend/get-p-client/src/utils/format.ts","all":false,"statementMap":{"0":{"start":{"line":1,"column":0},"end":{"line":1,"column":47}},"1":{"start":{"line":2,"column":0},"end":{"line":2,"column":0}},"2":{"start":{"line":3,"column":0},"end":{"line":3,"column":53}},"3":{"start":{"line":4,"column":0},"end":{"line":4,"column":42}},"4":{"start":{"line":5,"column":0},"end":{"line":5,"column":30}},"5":{"start":{"line":6,"column":0},"end":{"line":6,"column":85}},"6":{"start":{"line":7,"column":0},"end":{"line":7,"column":2}},"7":{"start":{"line":8,"column":0},"end":{"line":8,"column":0}},"8":{"start":{"line":9,"column":0},"end":{"line":9,"column":45}},"9":{"start":{"line":10,"column":0},"end":{"line":10,"column":59}},"10":{"start":{"line":11,"column":0},"end":{"line":11,"column":98}},"11":{"start":{"line":12,"column":0},"end":{"line":12,"column":52}},"12":{"start":{"line":13,"column":0},"end":{"line":13,"column":2}}},"s":{"0":1,"1":1,"2":1,"3":2,"4":2,"5":2,"6":2,"7":1,"8":1,"9":1,"10":1,"11":0,"12":0},"branchMap":{"0":{"type":"branch","line":3,"loc":{"start":{"line":3,"column":26},"end":{"line":7,"column":2}},"locations":[{"start":{"line":3,"column":26},"end":{"line":7,"column":2}}]},"1":{"type":"branch","line":9,"loc":{"start":{"line":9,"column":26},"end":{"line":13,"column":2}},"locations":[{"start":{"line":9,"column":26},"end":{"line":13,"column":2}}]},"2":{"type":"branch","line":12,"loc":{"start":{"line":12,"column":-1},"end":{"line":13,"column":2}},"locations":[{"start":{"line":12,"column":-1},"end":{"line":13,"column":2}}]}},"b":{"0":[2],"1":[1],"2":[0]},"fnMap":{"0":{"name":"formatTime","decl":{"start":{"line":3,"column":26},"end":{"line":7,"column":2}},"loc":{"start":{"line":3,"column":26},"end":{"line":7,"column":2}},"line":3},"1":{"name":"formatDate","decl":{"start":{"line":9,"column":26},"end":{"line":13,"column":2}},"loc":{"start":{"line":9,"column":26},"end":{"line":13,"column":2}},"line":9}},"f":{"0":2,"1":1}}
,"/Users/toothlesskid/Desktop/getp/get-p-frontend/get-p-client/src/utils/jwt.ts": {"path":"/Users/toothlesskid/Desktop/getp/get-p-frontend/get-p-client/src/utils/jwt.ts","all":false,"statementMap":{"0":{"start":{"line":1,"column":0},"end":{"line":1,"column":39}},"1":{"start":{"line":2,"column":0},"end":{"line":2,"column":0}},"2":{"start":{"line":3,"column":0},"end":{"line":3,"column":51}},"3":{"start":{"line":4,"column":0},"end":{"line":4,"column":0}},"4":{"start":{"line":5,"column":0},"end":{"line":5,"column":29}},"5":{"start":{"line":6,"column":0},"end":{"line":6,"column":16}},"6":{"start":{"line":7,"column":0},"end":{"line":7,"column":21}},"7":{"start":{"line":8,"column":0},"end":{"line":8,"column":16}},"8":{"start":{"line":9,"column":0},"end":{"line":9,"column":1}},"9":{"start":{"line":10,"column":0},"end":{"line":10,"column":0}},"10":{"start":{"line":11,"column":0},"end":{"line":11,"column":54}},"11":{"start":{"line":12,"column":0},"end":{"line":12,"column":54}},"12":{"start":{"line":13,"column":0},"end":{"line":13,"column":49}},"13":{"start":{"line":14,"column":0},"end":{"line":14,"column":2}}},"s":{"0":1,"1":1,"2":1,"3":1,"4":1,"5":1,"6":1,"7":1,"8":1,"9":1,"10":1,"11":2,"12":2,"13":2},"branchMap":{"0":{"type":"branch","line":11,"loc":{"start":{"line":11,"column":25},"end":{"line":14,"column":2}},"locations":[{"start":{"line":11,"column":25},"end":{"line":14,"column":2}}]}},"b":{"0":[2]},"fnMap":{"0":{"name":"isExpired","decl":{"start":{"line":11,"column":25},"end":{"line":14,"column":2}},"loc":{"start":{"line":11,"column":25},"end":{"line":14,"column":2}},"line":11}},"f":{"0":2}}
,"/Users/toothlesskid/Desktop/getp/get-p-frontend/get-p-client/src/utils/validation.ts": {"path":"/Users/toothlesskid/Desktop/getp/get-p-frontend/get-p-client/src/utils/validation.ts","all":false,"statementMap":{"0":{"start":{"line":1,"column":0},"end":{"line":1,"column":55}},"1":{"start":{"line":2,"column":0},"end":{"line":2,"column":49}},"2":{"start":{"line":3,"column":0},"end":{"line":3,"column":34}},"3":{"start":{"line":4,"column":0},"end":{"line":4,"column":5}},"4":{"start":{"line":5,"column":0},"end":{"line":5,"column":16}},"5":{"start":{"line":6,"column":0},"end":{"line":6,"column":2}},"6":{"start":{"line":7,"column":0},"end":{"line":7,"column":0}},"7":{"start":{"line":8,"column":0},"end":{"line":8,"column":3}},"8":{"start":{"line":9,"column":0},"end":{"line":9,"column":29}},"9":{"start":{"line":10,"column":0},"end":{"line":10,"column":37}},"10":{"start":{"line":11,"column":0},"end":{"line":11,"column":16}},"11":{"start":{"line":12,"column":0},"end":{"line":12,"column":28}},"12":{"start":{"line":13,"column":0},"end":{"line":13,"column":34}},"13":{"start":{"line":14,"column":0},"end":{"line":14,"column":3}},"14":{"start":{"line":15,"column":0},"end":{"line":15,"column":52}},"15":{"start":{"line":16,"column":0},"end":{"line":16,"column":30}},"16":{"start":{"line":17,"column":0},"end":{"line":17,"column":95}},"17":{"start":{"line":18,"column":0},"end":{"line":18,"column":38}},"18":{"start":{"line":19,"column":0},"end":{"line":19,"column":5}},"19":{"start":{"line":20,"column":0},"end":{"line":20,"column":16}},"20":{"start":{"line":21,"column":0},"end":{"line":21,"column":2}},"21":{"start":{"line":22,"column":0},"end":{"line":22,"column":0}},"22":{"start":{"line":23,"column":0},"end":{"line":23,"column":3}},"23":{"start":{"line":24,"column":0},"end":{"line":24,"column":27}},"24":{"start":{"line":25,"column":0},"end":{"line":25,"column":46}},"25":{"start":{"line":26,"column":0},"end":{"line":26,"column":44}},"26":{"start":{"line":27,"column":0},"end":{"line":27,"column":21}},"27":{"start":{"line":28,"column":0},"end":{"line":28,"column":3}},"28":{"start":{"line":29,"column":0},"end":{"line":29,"column":81}},"29":{"start":{"line":30,"column":0},"end":{"line":30,"column":55}},"30":{"start":{"line":31,"column":0},"end":{"line":31,"column":2}}},"s":{"0":1,"1":2,"2":4,"3":4,"4":1,"5":1,"6":1,"7":1,"8":1,"9":1,"10":1,"11":1,"12":1,"13":1,"14":1,"15":1,"16":3,"17":3,"18":3,"19":0,"20":0,"21":1,"22":1,"23":1,"24":1,"25":1,"26":1,"27":1,"28":1,"29":2,"30":2},"branchMap":{"0":{"type":"branch","line":1,"loc":{"start":{"line":1,"column":34},"end":{"line":6,"column":2}},"locations":[{"start":{"line":1,"column":34},"end":{"line":6,"column":2}}]},"1":{"type":"branch","line":2,"loc":{"start":{"line":2,"column":48},"end":{"line":4,"column":5}},"locations":[{"start":{"line":2,"column":48},"end":{"line":4,"column":5}}]},"2":{"type":"branch","line":3,"loc":{"start":{"line":3,"column":21},"end":{"line":3,"column":34}},"locations":[{"start":{"line":3,"column":21},"end":{"line":3,"column":34}}]},"3":{"type":"branch","line":5,"loc":{"start":{"line":5,"column":-1},"end":{"line":6,"column":2}},"locations":[{"start":{"line":5,"column":-1},"end":{"line":6,"column":2}}]},"4":{"type":"branch","line":15,"loc":{"start":{"line":15,"column":31},"end":{"line":21,"column":2}},"locations":[{"start":{"line":15,"column":31},"end":{"line":21,"column":2}}]},"5":{"type":"branch","line":16,"loc":{"start":{"line":16,"column":29},"end":{"line":19,"column":5}},"locations":[{"start":{"line":16,"column":29},"end":{"line":19,"column":5}}]},"6":{"type":"branch","line":17,"loc":{"start":{"line":17,"column":37},"end":{"line":17,"column":80}},"locations":[{"start":{"line":17,"column":37},"end":{"line":17,"column":80}}]},"7":{"type":"branch","line":17,"loc":{"start":{"line":17,"column":82},"end":{"line":17,"column":95}},"locations":[{"start":{"line":17,"column":82},"end":{"line":17,"column":95}}]},"8":{"type":"branch","line":18,"loc":{"start":{"line":18,"column":25},"end":{"line":18,"column":38}},"locations":[{"start":{"line":18,"column":25},"end":{"line":18,"column":38}}]},"9":{"type":"branch","line":20,"loc":{"start":{"line":20,"column":-1},"end":{"line":21,"column":2}},"locations":[{"start":{"line":20,"column":-1},"end":{"line":21,"column":2}}]},"10":{"type":"branch","line":29,"loc":{"start":{"line":29,"column":31},"end":{"line":31,"column":2}},"locations":[{"start":{"line":29,"column":31},"end":{"line":31,"column":2}}]}},"b":{"0":[2],"1":[4],"2":[1],"3":[1],"4":[1],"5":[3],"6":[2],"7":[0],"8":[1],"9":[0],"10":[2]},"fnMap":{"0":{"name":"isRequestBodyValid","decl":{"start":{"line":1,"column":34},"end":{"line":6,"column":2}},"loc":{"start":{"line":1,"column":34},"end":{"line":6,"column":2}},"line":1},"1":{"name":"isValueAssigned","decl":{"start":{"line":15,"column":31},"end":{"line":21,"column":2}},"loc":{"start":{"line":15,"column":31},"end":{"line":21,"column":2}},"line":15},"2":{"name":"isValidDuration","decl":{"start":{"line":29,"column":31},"end":{"line":31,"column":2}},"loc":{"start":{"line":29,"column":31},"end":{"line":31,"column":2}},"line":29}},"f":{"0":2,"1":1,"2":2}}
}
