TN:
SF:src/services/exceptionBuilder.ts
FN:14,ExceptionFilter
FN:21,activate
FN:25,Builder
FN:31,UnAuthorizedExceptionHandler
FN:36,BadRequestExceptionHandler
FN:41,NotFoundExceptionHandler
FN:46,ConflictExcpetionHandler
FN:51,build
FNF:8
FNH:7
FNDA:1,ExceptionFilter
FNDA:1,activate
FNDA:1,Builder
FNDA:1,UnAuthorizedExceptionHandler
FNDA:1,BadRequestExceptionHandler
FNDA:1,NotFoundExceptionHandler
FNDA:0,ConflictExcpetionHandler
FNDA:1,build
DA:1,1
DA:2,1
DA:3,1
DA:4,1
DA:5,1
DA:6,1
DA:7,1
DA:8,1
DA:9,1
DA:10,1
DA:11,1
DA:12,1
DA:13,1
DA:14,1
DA:15,1
DA:16,1
DA:17,1
DA:18,1
DA:19,1
DA:20,1
DA:21,1
DA:22,1
DA:23,1
DA:24,1
DA:25,1
DA:26,1
DA:27,1
DA:28,1
DA:29,1
DA:30,1
DA:31,1
DA:32,1
DA:33,1
DA:34,1
DA:35,1
DA:36,1
DA:37,1
DA:38,1
DA:39,1
DA:40,1
DA:41,1
DA:42,1
DA:43,1
DA:44,1
DA:45,1
DA:46,1
DA:47,0
DA:48,0
DA:49,0
DA:50,1
DA:51,1
DA:52,1
DA:53,1
DA:54,1
DA:55,1
LF:55
LH:52
BRDA:14,0,0,1
BRDA:21,1,0,1
BRDA:25,2,0,1
BRDA:31,3,0,1
BRDA:36,4,0,1
BRDA:41,5,0,1
BRDA:51,6,0,1
BRF:7
BRH:7
end_of_record
