TN:
SF:src/services/auth/types.ts
FNF:0
FNH:0
DA:1,1
DA:2,1
DA:3,1
DA:4,1
DA:5,1
DA:6,1
DA:7,1
DA:8,1
DA:9,1
DA:10,1
DA:11,1
DA:12,1
DA:13,1
DA:14,1
DA:15,1
DA:16,1
DA:17,1
DA:18,1
DA:19,1
DA:20,1
DA:21,1
DA:22,1
DA:23,1
DA:24,1
DA:25,1
DA:26,1
DA:27,1
DA:28,1
DA:29,1
DA:30,1
DA:31,1
DA:32,1
DA:33,1
DA:34,1
DA:35,1
DA:36,1
DA:37,1
DA:38,1
DA:39,1
DA:40,1
DA:41,1
DA:42,1
DA:43,1
DA:44,1
DA:45,1
DA:46,1
DA:47,1
DA:48,1
DA:49,1
DA:50,1
LF:50
LH:50
BRDA:3,0,0,1
BRF:1
BRH:1
end_of_record
TN:
SF:src/utils/exception.ts
FN:16,ExceptionHandler
FN:24,Builder
FN:28,addCase
FN:33,activate
FNF:4
FNH:4
FNDA:2,ExceptionHandler
FNDA:2,Builder
FNDA:1,addCase
FNDA:2,activate
DA:1,1
DA:2,1
DA:3,1
DA:4,1
DA:5,1
DA:6,1
DA:7,1
DA:8,1
DA:9,1
DA:10,1
DA:11,1
DA:12,1
DA:13,1
DA:14,1
DA:15,1
DA:16,1
DA:17,2
DA:18,2
DA:19,1
DA:20,1
DA:21,1
DA:22,1
DA:23,1
DA:24,1
DA:25,2
DA:26,2
DA:27,1
DA:28,1
DA:29,1
DA:30,1
DA:31,1
DA:32,1
DA:33,1
DA:34,2
DA:35,2
DA:36,1
DA:37,2
DA:38,2
DA:39,2
DA:40,1
DA:41,1
DA:42,1
DA:43,1
DA:44,0
DA:45,1
DA:46,1
LF:46
LH:45
BRDA:16,0,0,2
BRDA:24,1,0,2
BRDA:28,2,0,1
BRDA:33,3,0,2
BRDA:35,4,0,1
BRDA:39,5,0,1
BRDA:44,6,0,0
BRF:7
BRH:6
end_of_record
TN:
SF:src/utils/jwt.ts
FN:11,isExpired
FNF:1
FNH:1
FNDA:1,isExpired
DA:1,1
DA:2,1
DA:3,1
DA:4,1
DA:5,1
DA:6,1
DA:7,1
DA:8,1
DA:9,1
DA:10,1
DA:11,1
DA:12,1
DA:13,1
DA:14,1
LF:14
LH:14
BRDA:11,0,0,1
BRF:1
BRH:1
end_of_record
TN:
SF:src/utils/validation.ts
FN:1,isRequestBodyValid
FNF:1
FNH:1
FNDA:2,isRequestBodyValid
DA:1,1
DA:2,2
DA:3,4
DA:4,4
DA:5,1
DA:6,1
LF:6
LH:6
BRDA:1,0,0,2
BRDA:2,1,0,4
BRDA:3,2,0,1
BRDA:5,3,0,1
BRF:4
BRH:4
end_of_record
